[0mGET / [36m304[0m 25.107 ms - -[0m
[0mGET /css/displayrvw.css/ [33m404[0m 11.709 ms - 158[0m
[0mGET /favicon.ico [33m404[0m 2.718 ms - 150[0m
[0mGET /admin [32m200[0m 11.402 ms - -[0m
[0mPOST /admin/create [36m302[0m 39.847 ms - 56[0m
[0mGET /admin [32m200[0m 38.486 ms - -[0m
[0mGET /admin [32m200[0m 19.043 ms - -[0m
[0mGET / [32m200[0m 20.394 ms - 3301[0m
[0mGET /css/displayrvw.css/ [33m404[0m 10.842 ms - 158[0m
[0mGET /employee/signout [36m302[0m 21.427 ms - 46[0m
[0mGET / [32m200[0m 17.150 ms - 3152[0m
[0mGET /css/displayrvw.css/ [33m404[0m 9.675 ms - 158[0m
[0mGET / [36m304[0m 14.176 ms - -[0m
[0mGET /css/displayrvw.css/ [33m404[0m 7.902 ms - 158[0m
[0mGET / [36m304[0m 6.795 ms - -[0m
[0mGET /css/displayrvw.css/ [33m404[0m 5.707 ms - 158[0m
[0mPOST /admin/create [36m302[0m 16.385 ms - 56[0m
[0mGET /admin [32m200[0m 6.300 ms - -[0m
[0mGET /admin [32m200[0m 7.596 ms - -[0m
[0mGET /admin [32m200[0m 7.830 ms - -[0m
[0mGET /admin [32m200[0m 9.281 ms - -[0m
[0mGET /admin [32m200[0m 7.339 ms - -[0m
[0mGET /admin [32m200[0m 5.516 ms - -[0m
[0mGET /css/displayrvw.css/ [33m404[0m 6.822 ms - 158[0m
[0mGET / [32m200[0m 11.531 ms - 3301[0m
[0mGET /css/displayrvw.css/ [33m404[0m 15.463 ms - 158[0m
[0mGET / [36m304[0m 22.046 ms - -[0m
[0mGET /css/displayrvw.css/ [33m404[0m 8.125 ms - 158[0m
[0mGET /employee/signout [36m302[0m 10.370 ms - 46[0m
[0mGET / [32m200[0m 12.183 ms - 3152[0m
[0mGET /css/displayrvw.css/ [33m404[0m 8.425 ms - 158[0m
[0mGET / [36m304[0m 37.183 ms - -[0m
[0mGET /css/displayrvw.css/ [33m404[0m 56.737 ms - 158[0m
[0mGET / [36m304[0m 14.907 ms - -[0m
[0mGET /css/displayrvw.css/ [33m404[0m 5.757 ms - 158[0m
[0mGET / [36m304[0m 9.785 ms - -[0m
[0mGET /css/displayrvw.css/ [33m404[0m 11.784 ms - 158[0m
[0mPOST /admin/create [36m302[0m 28.540 ms - 56[0m
[0mGET /admin [32m200[0m 7.623 ms - -[0m
[0mGET /css/displayrvw.css/ [33m404[0m 25.347 ms - 158[0m
[0mGET / [32m200[0m 39.478 ms - 3301[0m
[0mGET /css/displayrvw.css/ [33m404[0m 29.296 ms - 158[0m
[0mGET / [36m304[0m 21.165 ms - -[0m
[0mGET /css/displayrvw.css/ [33m404[0m 10.958 ms - 158[0m
[0mGET /employee/signout [36m302[0m 21.972 ms - 46[0m
[0mGET / [32m200[0m 7.819 ms - 3152[0m
[0mGET /css/displayrvw.css/ [33m404[0m 12.780 ms - 158[0m
[0mPOST /admin/create [36m302[0m 7.274 ms - 56[0m
[0mGET /admin [32m200[0m 5.163 ms - -[0m
[0mGET /css/displayrvw.css/ [33m404[0m 26.613 ms - 158[0m
[0mGET / [32m200[0m 36.046 ms - 3301[0m
[0mGET /css/displayrvw.css/ [33m404[0m 13.328 ms - 158[0m
[0mGET / [36m304[0m 19.459 ms - -[0m
[0mGET /css/displayrvw.css/ [33m404[0m 8.867 ms - 158[0m
[0mGET / [36m304[0m 12.173 ms - -[0m
[0mGET /css/displayrvw.css/ [33m404[0m 12.947 ms - 158[0m
[0mGET /employee/signout [36m302[0m 17.240 ms - 46[0m
[0mGET / [32m200[0m 35.333 ms - 3152[0m
[0mGET /css/displayrvw.css/ [33m404[0m 18.527 ms - 158[0m
[0mGET / [36m304[0m 5.652 ms - -[0m
[0mGET /css/displayrvw.css/ [33m404[0m 4.832 ms - 158[0m
[0mPOST /admin/create [36m302[0m 10.617 ms - 56[0m
[0mGET /admin [32m200[0m 9.073 ms - -[0m
[0mGET / [32m200[0m 53.652 ms - 3301[0m
[0mGET /css/displayrvw.css/ [33m404[0m 10.631 ms - 158[0m
[0mGET / [36m304[0m 10.754 ms - -[0m
[0mGET /css/displayrvw.css/ [33m404[0m 12.720 ms - 158[0m
[0mGET / [36m304[0m 7.890 ms - -[0m
[0mGET /css/displayrvw.css/ [33m404[0m 16.783 ms - 158[0m
[0mGET /employee/signout [36m302[0m 21.232 ms - 46[0m
[0mGET / [32m200[0m 9.059 ms - 3152[0m
[0mGET /css/displayrvw.css/ [33m404[0m 29.413 ms - 158[0m
[0mPOST /admin/create [36m302[0m 9.852 ms - 56[0m
[0mGET /admin [32m200[0m 44.706 ms - 8687[0m
[0mGET /css/displayrvw.css/ [33m404[0m 14.964 ms - 158[0m
[0mGET / [36m304[0m 34.258 ms - -[0m
[0mGET /css/displayrvw.css/ [33m404[0m 17.125 ms - 158[0m
